/ufrc/djlemas/jtkim1/Sarek-jt
c22b-s20.ufhpc
Sat Nov  3 17:22:58 EDT 2018
Running nextflow script on HiPerGator
N E X T F L O W  ~  version 0.32.0
Launching `buildReferences.nf` [jovial_ardinghelli] - revision: ad9e9ed815
WARN: The config file defines settings for an unknown process: ConcatVCF
    ____        _____               _    
  .' _  `.     / ____|             | |   
 /  |\`-_ \   | (___  ___  _ __ __ | | __
|   | \  `-|   \___ \/__ \| ´__/ _\| |/ /
 \ |   \  /    ____) | __ | | |  __|   < 
  `|____\'    |_____/\____|_|  \__/|_|\_\
Sarek - Workflow For Somatic And Germline Variations ~ 2.2.1 - ad9e9ed815
Command Line: nextflow run buildReferences.nf --outDir References/smallGRCh37 --refDir Sarek-data/reference --genome smallGRCh37 --genome_base References/smallGRCh37 --tag latest -profile singularityslurm
Project Dir : /ufrc/djlemas/jtkim1/Sarek-jt
Launch Dir  : /ufrc/djlemas/jtkim1/Sarek-jt
Work Dir    : /ufrc/djlemas/jtkim1/Sarek-jt/work
Out Dir     : References/smallGRCh37
Genome      : smallGRCh37
Containers
  Repository   : docker://jongtaek
  Tag          : latest
[warm up] executor > slurm
[97/8c2b18] Submitted process > DecompressFile (b37_cosmic_v74.noCHR.sort.4.1.small.vcf.gz)
[25/66f584] Submitted process > DecompressFile (human_g1k_v37_decoy.small.fasta.gz)
[5e/bafc27] Submitted process > DecompressFile (b37_cosmic_v54_120711.small.vcf.gz)
[2a/04cb63] Submitted process > DecompressFile (dbsnp_138.b37.small.vcf.gz)
[6d/26ec03] Submitted process > DecompressFile (1000G_phase1.indels.b37.small.vcf.gz)
[9b/d90a57] Submitted process > DecompressFile (Mills_and_1000G_gold_standard.indels.b37.small.vcf.gz)
slurmstepd: error: *** JOB 27452600 ON c22b-s20 CANCELLED AT 2018-11-03T17:33:10 DUE TO TIME LIMIT ***
